DEBUG: Beginning log
DEBUG: MazeFactoryXML.create()
DEBUG: Millis from StartingPacDasher to Started loading XML was 27887
DEBUG: Millis from Started loading XML to Ended loading XML was 8794
DEBUG: 

INITIAL PERFORMANCE ANALYSIS


DEBUG: Video card supports page flipping? true

DEBUG: OS Arch: i386
OS Name: Linux
OS Version: 2.4.20-6
Java Version: 1.4.1_02
Java Vendor: Sun Microsystems Inc.

DEBUG: Millis from XML load ended to game ready was 168
DEBUG: 

PERFORMANCE SUMMARY 500 frames 

totalMemory = 65863680
freeMemory = 0
bytes used per frame = 0
framesPerSec = 11
millisPerFrame = 90.90909
millis minus delay = 70.90909
numTooLongs = 0
gcCount = 0


DEBUG: 

PERFORMANCE SUMMARY 500 frames 

totalMemory = 65863680
freeMemory = 0
bytes used per frame = 0
framesPerSec = 23
millisPerFrame = 43.47826
millis minus delay = 23.47826
numTooLongs = 0
gcCount = 0


