DEBUG: Beginning log
DEBUG: MazeFactoryXML.create()
DEBUG: Millis from StartingPacDasher to Started loading XML was 11477
DEBUG: Millis from Started loading XML to Ended loading XML was 3875
DEBUG: 

INITIAL PERFORMANCE ANALYSIS


DEBUG: Video card supports page flipping? true

DEBUG: OS Arch: x86
OS Name: Windows NT
OS Version: 4.0
Java Version: 1.4.2-beta
Java Vendor: Sun Microsystems Inc.

DEBUG: Millis from XML load ended to game ready was 51
DEBUG: 

PERFORMANCE SUMMARY 500 frames 

totalMemory = 67043328
freeMemory = 0
bytes used per frame = 0
framesPerSec = 24
millisPerFrame = 41.666668
millis minus delay = 21.666668
numTooLongs = 0
gcCount = 0


DEBUG: 

PERFORMANCE SUMMARY 500 frames 

totalMemory = 67043328
freeMemory = 0
bytes used per frame = 0
framesPerSec = 50
millisPerFrame = 20.0
millis minus delay = 0.0
numTooLongs = 0
gcCount = 0


